Using pre-set license
Built from '2021.3/staging' branch; Version is '2021.3.33f1 (ee5a2aa03ab2) revision 15620650'; Using compiler version '192829333'; Build Type 'Release'
OS: 'Windows 11  (10.0.22631) 64bit Core' Language: 'en' Physical Memory: 16321 MB
BatchMode: 1, IsHumanControllingUs: 0, StartBugReporterOnCrash: 0, Is64bit: 1, IsPro: 1

COMMAND LINE ARGUMENTS:
C:\Program Files\Unity\Hub\Editor\2021.3.33f1\Editor\Unity.exe
-adb2
-batchMode
-noUpm
-name
AssetImportWorker0
-projectPath
C:/Users/olibu/Documents/GitHub/UnityProject-GoblinMode/GoblinMode Project
-logFile
Logs/AssetImportWorker0.log
-srvPort
54589
Successfully changed project path to: C:/Users/olibu/Documents/GitHub/UnityProject-GoblinMode/GoblinMode Project
C:/Users/olibu/Documents/GitHub/UnityProject-GoblinMode/GoblinMode Project
[UnityMemory] Configuration Parameters - Can be set up in boot.config
    "memorysetup-bucket-allocator-granularity=16"
    "memorysetup-bucket-allocator-bucket-count=8"
    "memorysetup-bucket-allocator-block-size=33554432"
    "memorysetup-bucket-allocator-block-count=8"
    "memorysetup-main-allocator-block-size=16777216"
    "memorysetup-thread-allocator-block-size=16777216"
    "memorysetup-gfx-main-allocator-block-size=16777216"
    "memorysetup-gfx-thread-allocator-block-size=16777216"
    "memorysetup-cache-allocator-block-size=4194304"
    "memorysetup-typetree-allocator-block-size=2097152"
    "memorysetup-profiler-bucket-allocator-granularity=16"
    "memorysetup-profiler-bucket-allocator-bucket-count=8"
    "memorysetup-profiler-bucket-allocator-block-size=33554432"
    "memorysetup-profiler-bucket-allocator-block-count=8"
    "memorysetup-profiler-allocator-block-size=16777216"
    "memorysetup-profiler-editor-allocator-block-size=1048576"
    "memorysetup-temp-allocator-size-main=16777216"
    "memorysetup-job-temp-allocator-block-size=2097152"
    "memorysetup-job-temp-allocator-block-size-background=1048576"
    "memorysetup-job-temp-allocator-reduction-small-platforms=262144"
    "memorysetup-temp-allocator-size-background-worker=32768"
    "memorysetup-temp-allocator-size-job-worker=262144"
    "memorysetup-temp-allocator-size-preload-manager=33554432"
    "memorysetup-temp-allocator-size-nav-mesh-worker=65536"
    "memorysetup-temp-allocator-size-audio-worker=65536"
    "memorysetup-temp-allocator-size-cloud-worker=32768"
    "memorysetup-temp-allocator-size-gi-baking-worker=262144"
    "memorysetup-temp-allocator-size-gfx=262144"
Player connection [12216] Host "[IP] 192.168.0.45 [Port] 0 [Flags] 2 [Guid] 1001721425 [EditorId] 1001721425 [Version] 1048832 [Id] WindowsEditor(7,DESKTOP-SAI1PM5) [Debug] 1 [PackageName] WindowsEditor [ProjectName] Editor" joined multi-casting on [225.0.0.222:54997]...

Player connection [12216] Host "[IP] 192.168.0.45 [Port] 0 [Flags] 2 [Guid] 1001721425 [EditorId] 1001721425 [Version] 1048832 [Id] WindowsEditor(7,DESKTOP-SAI1PM5) [Debug] 1 [PackageName] WindowsEditor [ProjectName] Editor" joined alternative multi-casting on [225.0.0.222:34997]...

[Physics::Module] Initialized MultithreadedJobDispatcher with {0} workers.
Refreshing native plugins compatible for Editor in 106.82 ms, found 4 plugins.
Preloading 0 native plugins for Editor in 0.00 ms.
Initialize engine version: 2021.3.33f1 (ee5a2aa03ab2)
[Subsystems] Discovering subsystems at path C:/Program Files/Unity/Hub/Editor/2021.3.33f1/Editor/Data/Resources/UnitySubsystems
[Subsystems] Discovering subsystems at path C:/Users/olibu/Documents/GitHub/UnityProject-GoblinMode/GoblinMode Project/Assets
GfxDevice: creating device client; threaded=0; jobified=0
Direct3D:
    Version:  Direct3D 11.0 [level 11.1]
    Renderer: NVIDIA GeForce RTX 2060 (ID=0x1f08)
    Vendor:   NVIDIA
    VRAM:     5955 MB
    Driver:   31.0.15.5161
Initialize mono
Mono path[0] = 'C:/Program Files/Unity/Hub/Editor/2021.3.33f1/Editor/Data/Managed'
Mono path[1] = 'C:/Program Files/Unity/Hub/Editor/2021.3.33f1/Editor/Data/MonoBleedingEdge/lib/mono/unityjit-win32'
Mono config path = 'C:/Program Files/Unity/Hub/Editor/2021.3.33f1/Editor/Data/MonoBleedingEdge/etc'
Using monoOptions --debugger-agent=transport=dt_socket,embedding=1,server=y,suspend=n,address=127.0.0.1:56440
Begin MonoManager ReloadAssembly
Registering precompiled unity dll's ...
Register platform support module: C:/Program Files/Unity/Hub/Editor/2021.3.33f1/Editor/Data/PlaybackEngines/WindowsStandaloneSupport/UnityEditor.WindowsStandalone.Extensions.dll
Registered in 0.004473 seconds.
Native extension for WindowsStandalone target not found
Refreshing native plugins compatible for Editor in 98.29 ms, found 4 plugins.
Preloading 0 native plugins for Editor in 0.00 ms.
Mono: successfully reloaded assembly
- Completed reload, in  0.745 seconds
Domain Reload Profiling:
	ReloadAssembly (746ms)
		BeginReloadAssembly (128ms)
			ExecutionOrderSort (0ms)
			DisableScriptedObjects (0ms)
			BackupInstance (0ms)
			ReleaseScriptingObjects (0ms)
			CreateAndSetChildDomain (1ms)
		EndReloadAssembly (510ms)
			LoadAssemblies (126ms)
			RebuildTransferFunctionScriptingTraits (0ms)
			SetupTypeCache (124ms)
			ReleaseScriptCaches (0ms)
			RebuildScriptCaches (29ms)
			SetupLoadedEditorAssemblies (314ms)
				LogAssemblyErrors (0ms)
				InitializePlatformSupportModulesInManaged (8ms)
				SetLoadedEditorAssemblies (0ms)
				RefreshPlugins (98ms)
				BeforeProcessingInitializeOnLoad (1ms)
				ProcessInitializeOnLoadAttributes (156ms)
				ProcessInitializeOnLoadMethodAttributes (49ms)
				AfterProcessingInitializeOnLoad (0ms)
				EditorAssembliesLoaded (0ms)
			ExecutionOrderSort2 (0ms)
			AwakeInstancesAfterBackupRestoration (0ms)
Platform modules already initialized, skipping
Registering precompiled user dll's ...
Registered in 0.010735 seconds.
Begin MonoManager ReloadAssembly
Native extension for WindowsStandalone target not found
Refreshing native plugins compatible for Editor in 99.88 ms, found 4 plugins.
Preloading 0 native plugins for Editor in 0.00 ms.
Package Manager log level set to [2]
[Package Manager] Server::EnsureServerProcessIsRunning -- launch failed, reason: Unity was launched with the -noUpm command-line argument
[Package Manager] Cannot connect to Unity Package Manager local server
Mono: successfully reloaded assembly
- Completed reload, in  1.592 seconds
Domain Reload Profiling:
	ReloadAssembly (1593ms)
		BeginReloadAssembly (135ms)
			ExecutionOrderSort (0ms)
			DisableScriptedObjects (5ms)
			BackupInstance (0ms)
			ReleaseScriptingObjects (0ms)
			CreateAndSetChildDomain (24ms)
		EndReloadAssembly (1352ms)
			LoadAssemblies (117ms)
			RebuildTransferFunctionScriptingTraits (0ms)
			SetupTypeCache (248ms)
			ReleaseScriptCaches (1ms)
			RebuildScriptCaches (69ms)
			SetupLoadedEditorAssemblies (892ms)
				LogAssemblyErrors (0ms)
				InitializePlatformSupportModulesInManaged (4ms)
				SetLoadedEditorAssemblies (0ms)
				RefreshPlugins (100ms)
				BeforeProcessingInitializeOnLoad (104ms)
				ProcessInitializeOnLoadAttributes (638ms)
				ProcessInitializeOnLoadMethodAttributes (38ms)
				AfterProcessingInitializeOnLoad (8ms)
				EditorAssembliesLoaded (1ms)
			ExecutionOrderSort2 (0ms)
			AwakeInstancesAfterBackupRestoration (7ms)
Platform modules already initialized, skipping
========================================================================
Worker process is ready to serve import requests
Launched and connected shader compiler UnityShaderCompiler.exe after 0.06 seconds
Refreshing native plugins compatible for Editor in 0.90 ms, found 4 plugins.
Preloading 0 native plugins for Editor in 0.00 ms.
Unloading 4060 Unused Serialized files (Serialized files now loaded: 0)
Unloading 49 unused Assets / (119.5 KB). Loaded Objects now: 4520.
Memory consumption went from 157.6 MB to 157.5 MB.
Total: 3.620600 ms (FindLiveObjects: 0.443700 ms CreateObjectMapping: 0.113800 ms MarkObjects: 2.960900 ms  DeleteObjects: 0.101000 ms)

AssetImportParameters requested are different than current active one (requested -> active):
  custom:video-decoder-ogg-theora: a1e56fd34408186e4bbccfd4996cb3dc -> 
  custom:container-muxer-webm: aa71ff27fc2769a1b78a27578f13a17b -> 
  custom:container-demuxer-webm: 4f35f7cbe854078d1ac9338744f61a02 -> 
  custom:video-encoder-webm-vp8: eb34c28f22e8b96e1ab97ce403110664 -> 
  custom:CustomObjectIndexerAttribute: bc11b3a6c3213fcdd17b65e7da85e133 -> 
  custom:audio-encoder-webm-vorbis: bf7c407c2cedff20999df2af8eb42d56 -> 
  custom:framework-win-MediaFoundation: 216162199b28c13a410421893ffa2e32 -> 
  custom:SearchIndexIgnoredProperties: e643bd26f0fe6173181afceb89e7c659 -> 
  custom:container-demuxer-ogg: 62fdf1f143b41e24485cea50d1cbac27 -> 
  custom:video-decoder-webm-vp8: 9c59270c3fd7afecdb556c50c9e8de78 -> 
  custom:audio-decoder-ogg-vorbis: bf7c407c2cedff20999df2af8eb42d56 -> 
========================================================================
Received Import Request.
  Time since last request: 372433.523448 seconds.
  path: Assets/Minifantasy_Dungeon_v2.2_Free_Version/Minifantasy_Dungeon_Assets/Characters/Human
  artifactKey: Guid(cf194532a613c654da70c2b8886ab88b) Importer(815301076,1909f56bfc062723c751e8b465ee728b)
Number of updated assets reloaded before import = 0
Start importing Assets/Minifantasy_Dungeon_v2.2_Free_Version/Minifantasy_Dungeon_Assets/Characters/Human using Guid(cf194532a613c654da70c2b8886ab88b) Importer(815301076,1909f56bfc062723c751e8b465ee728b)  -> (artifact id: '93077c815f16a85cfc0bd71614e8bfdc') in 0.016793 seconds 
Number of asset objects unloaded after import = 0
========================================================================
Received Import Request.
  Time since last request: 1093.339487 seconds.
  path: Assets/tileMap/sheet_129.asset
  artifactKey: Guid(7ba11e1f81b3b9140ab6360ebfd8bfc3) Importer(815301076,1909f56bfc062723c751e8b465ee728b)
Number of updated assets reloaded before import = 0
Start importing Assets/tileMap/sheet_129.asset using Guid(7ba11e1f81b3b9140ab6360ebfd8bfc3) Importer(815301076,1909f56bfc062723c751e8b465ee728b)  -> (artifact id: '4f026eb6935231bda121e706c5364743') in 0.113419 seconds 
Number of asset objects unloaded after import = 3
========================================================================
Received Import Request.
  Time since last request: 0.000128 seconds.
  path: Assets/tileMap/sheet_160.asset
  artifactKey: Guid(a1154f290e87a0044a538a2995a55ba6) Importer(815301076,1909f56bfc062723c751e8b465ee728b)
Number of updated assets reloaded before import = 0
Start importing Assets/tileMap/sheet_160.asset using Guid(a1154f290e87a0044a538a2995a55ba6) Importer(815301076,1909f56bfc062723c751e8b465ee728b)  -> (artifact id: '5a6a35bb6b712f8ff5b36c6a4bb06518') in 0.018112 seconds 
Number of asset objects unloaded after import = 3
========================================================================
Received Import Request.
  Time since last request: 0.000030 seconds.
  path: Assets/tileMap/sheet_134.asset
  artifactKey: Guid(10d836ed9b5e0e74eac6b3bfb0da705b) Importer(815301076,1909f56bfc062723c751e8b465ee728b)
Number of updated assets reloaded before import = 0
Start importing Assets/tileMap/sheet_134.asset using Guid(10d836ed9b5e0e74eac6b3bfb0da705b) Importer(815301076,1909f56bfc062723c751e8b465ee728b)  -> (artifact id: 'd44b18b118f7077b9137c2f7c1337d6b') in 0.012364 seconds 
Number of asset objects unloaded after import = 3
========================================================================
Received Import Request.
  Time since last request: 0.000020 seconds.
  path: Assets/tileMap/sheet_139.asset
  artifactKey: Guid(03ee348b897bf29498568999d0c553be) Importer(815301076,1909f56bfc062723c751e8b465ee728b)
Number of updated assets reloaded before import = 0
Start importing Assets/tileMap/sheet_139.asset using Guid(03ee348b897bf29498568999d0c553be) Importer(815301076,1909f56bfc062723c751e8b465ee728b)  -> (artifact id: 'd69f9013d4a14e60401263083bf4d956') in 0.019171 seconds 
Number of asset objects unloaded after import = 3
========================================================================
Received Import Request.
  Time since last request: 0.000019 seconds.
  path: Assets/tileMap/sheet_157.asset
  artifactKey: Guid(77d408d7a07ae4d44a5cfe0059c343b0) Importer(815301076,1909f56bfc062723c751e8b465ee728b)
Number of updated assets reloaded before import = 0
Start importing Assets/tileMap/sheet_157.asset using Guid(77d408d7a07ae4d44a5cfe0059c343b0) Importer(815301076,1909f56bfc062723c751e8b465ee728b)  -> (artifact id: 'e839bfcc42acc48e3539ff8c2a51dad3') in 0.022777 seconds 
Number of asset objects unloaded after import = 3
========================================================================
Received Import Request.
  Time since last request: 0.000021 seconds.
  path: Assets/tileMap/sheet_158.asset
  artifactKey: Guid(df0648bc606963849a8ab62711326317) Importer(815301076,1909f56bfc062723c751e8b465ee728b)
Number of updated assets reloaded before import = 0
Start importing Assets/tileMap/sheet_158.asset using Guid(df0648bc606963849a8ab62711326317) Importer(815301076,1909f56bfc062723c751e8b465ee728b)  -> (artifact id: 'd34438f1bb9637c60738a7956ed05682') in 0.018607 seconds 
Number of asset objects unloaded after import = 3
========================================================================
Received Import Request.
  Time since last request: 0.000021 seconds.
  path: Assets/tileMap/sheet_131.asset
  artifactKey: Guid(1453cf4e5a66d6042bf6bbc96c5aad28) Importer(815301076,1909f56bfc062723c751e8b465ee728b)
Number of updated assets reloaded before import = 0
Start importing Assets/tileMap/sheet_131.asset using Guid(1453cf4e5a66d6042bf6bbc96c5aad28) Importer(815301076,1909f56bfc062723c751e8b465ee728b)  -> (artifact id: 'f14227d9378256d6f890ca6290c46a92') in 0.013746 seconds 
Number of asset objects unloaded after import = 3
========================================================================
Received Import Request.
  Time since last request: 0.000024 seconds.
  path: Assets/tileMap/sheet_149.asset
  artifactKey: Guid(0a7884681a72b6b4f955194fe2a79c84) Importer(815301076,1909f56bfc062723c751e8b465ee728b)
Number of updated assets reloaded before import = 0
Start importing Assets/tileMap/sheet_149.asset using Guid(0a7884681a72b6b4f955194fe2a79c84) Importer(815301076,1909f56bfc062723c751e8b465ee728b)  -> (artifact id: '0b2d95ceb295cbbfc3cf692e3a0eac55') in 0.019706 seconds 
Number of asset objects unloaded after import = 3
========================================================================
Received Import Request.
  Time since last request: 0.000019 seconds.
  path: Assets/tileMap/sheet_137.asset
  artifactKey: Guid(99babecfa92d6c046b906ee19a4485c1) Importer(815301076,1909f56bfc062723c751e8b465ee728b)
Number of updated assets reloaded before import = 0
Start importing Assets/tileMap/sheet_137.asset using Guid(99babecfa92d6c046b906ee19a4485c1) Importer(815301076,1909f56bfc062723c751e8b465ee728b)  -> (artifact id: '18915eabddd2c2a8ec6a44b35b16bc12') in 0.021769 seconds 
Number of asset objects unloaded after import = 3
========================================================================
Received Import Request.
  Time since last request: 0.000022 seconds.
  path: Assets/tileMap/sheet_156.asset
  artifactKey: Guid(cd2a3e06002fc4a4596f67007ed872b3) Importer(815301076,1909f56bfc062723c751e8b465ee728b)
Number of updated assets reloaded before import = 0
Start importing Assets/tileMap/sheet_156.asset using Guid(cd2a3e06002fc4a4596f67007ed872b3) Importer(815301076,1909f56bfc062723c751e8b465ee728b)  -> (artifact id: '1e4cbc2c12b9514e946287ce623f2a7d') in 0.018557 seconds 
Number of asset objects unloaded after import = 3
========================================================================
Received Import Request.
  Time since last request: 0.000021 seconds.
  path: Assets/tileMap/sheet_143.asset
  artifactKey: Guid(beb7ddbf0aabb8b428ac2232ed46c80a) Importer(815301076,1909f56bfc062723c751e8b465ee728b)
Number of updated assets reloaded before import = 0
Start importing Assets/tileMap/sheet_143.asset using Guid(beb7ddbf0aabb8b428ac2232ed46c80a) Importer(815301076,1909f56bfc062723c751e8b465ee728b)  -> (artifact id: '2a03d54ba2788b17621bfb526c01b45c') in 0.015126 seconds 
Number of asset objects unloaded after import = 3
========================================================================
Received Import Request.
  Time since last request: 0.000024 seconds.
  path: Assets/tileMap/sheet_148.asset
  artifactKey: Guid(4f1a1cc4249c63f4f91ffa435ab4e507) Importer(815301076,1909f56bfc062723c751e8b465ee728b)
Number of updated assets reloaded before import = 0
Start importing Assets/tileMap/sheet_148.asset using Guid(4f1a1cc4249c63f4f91ffa435ab4e507) Importer(815301076,1909f56bfc062723c751e8b465ee728b)  -> (artifact id: '183d304da18dd25aed21807e10207e70') in 0.013792 seconds 
Number of asset objects unloaded after import = 3
========================================================================
Received Import Request.
  Time since last request: 0.000026 seconds.
  path: Assets/tileMap/sheet_144.asset
  artifactKey: Guid(7927ad10282bce94a954e037ee1d85bc) Importer(815301076,1909f56bfc062723c751e8b465ee728b)
Number of updated assets reloaded before import = 0
Start importing Assets/tileMap/sheet_144.asset using Guid(7927ad10282bce94a954e037ee1d85bc) Importer(815301076,1909f56bfc062723c751e8b465ee728b)  -> (artifact id: '6a951910f883ef96c3ab09791f198cda') in 0.015654 seconds 
Number of asset objects unloaded after import = 3
========================================================================
Received Import Request.
  Time since last request: 0.000026 seconds.
  path: Assets/tileMap/sheet_142.asset
  artifactKey: Guid(ab1abc524f8fdf2488bbe9b32b05dd32) Importer(815301076,1909f56bfc062723c751e8b465ee728b)
Number of updated assets reloaded before import = 0
Start importing Assets/tileMap/sheet_142.asset using Guid(ab1abc524f8fdf2488bbe9b32b05dd32) Importer(815301076,1909f56bfc062723c751e8b465ee728b)  -> (artifact id: 'f6d7ea1809dbb7765b5a1de4f998923d') in 0.027438 seconds 
Number of asset objects unloaded after import = 3
========================================================================
Received Import Request.
  Time since last request: 0.000034 seconds.
  path: Assets/tileMap/sheet_133.asset
  artifactKey: Guid(cd029218b787211439cbefb4322cca62) Importer(815301076,1909f56bfc062723c751e8b465ee728b)
Number of updated assets reloaded before import = 0
Start importing Assets/tileMap/sheet_133.asset using Guid(cd029218b787211439cbefb4322cca62) Importer(815301076,1909f56bfc062723c751e8b465ee728b)  -> (artifact id: 'fad946038c84d1042dd461ed2ed53ee9') in 0.020223 seconds 
Number of asset objects unloaded after import = 3
========================================================================
Received Import Request.
  Time since last request: 0.000022 seconds.
  path: Assets/tileMap/sheet_147.asset
  artifactKey: Guid(b5c55a7e3c85d5f4d883b7834ca31f15) Importer(815301076,1909f56bfc062723c751e8b465ee728b)
Number of updated assets reloaded before import = 0
Start importing Assets/tileMap/sheet_147.asset using Guid(b5c55a7e3c85d5f4d883b7834ca31f15) Importer(815301076,1909f56bfc062723c751e8b465ee728b)  -> (artifact id: 'f0d74465659bc8042e7d3c842bc08242') in 0.014675 seconds 
Number of asset objects unloaded after import = 3
========================================================================
Received Import Request.
  Time since last request: 0.541163 seconds.
  path: Assets/tileMap/sheet_161.asset
  artifactKey: Guid(dc6aa10e70c515e4b9de2612bae442e2) Importer(815301076,1909f56bfc062723c751e8b465ee728b)
Number of updated assets reloaded before import = 0
Start importing Assets/tileMap/sheet_161.asset using Guid(dc6aa10e70c515e4b9de2612bae442e2) Importer(815301076,1909f56bfc062723c751e8b465ee728b)  -> (artifact id: '172ce164e9cf856d68b5c5184aace544') in 0.020364 seconds 
Number of asset objects unloaded after import = 3
========================================================================
Received Import Request.
  Time since last request: 0.000021 seconds.
  path: Assets/tileMap/sheet_175.asset
  artifactKey: Guid(83215301b472c1145b219cce9c0feef8) Importer(815301076,1909f56bfc062723c751e8b465ee728b)
Number of updated assets reloaded before import = 0
Start importing Assets/tileMap/sheet_175.asset using Guid(83215301b472c1145b219cce9c0feef8) Importer(815301076,1909f56bfc062723c751e8b465ee728b)  -> (artifact id: '6f711fd5455d3204f41b211e8e6c6523') in 0.020268 seconds 
Number of asset objects unloaded after import = 3
========================================================================
Received Import Request.
  Time since last request: 0.000023 seconds.
  path: Assets/tileMap/sheet_163.asset
  artifactKey: Guid(9d8ee2ca6c213ed47a047a02f1a5b3b3) Importer(815301076,1909f56bfc062723c751e8b465ee728b)
Number of updated assets reloaded before import = 0
Start importing Assets/tileMap/sheet_163.asset using Guid(9d8ee2ca6c213ed47a047a02f1a5b3b3) Importer(815301076,1909f56bfc062723c751e8b465ee728b)  -> (artifact id: '16722adbf7c133a344c1834f32cb344a') in 0.019807 seconds 
Number of asset objects unloaded after import = 3
========================================================================
Received Import Request.
  Time since last request: 0.000111 seconds.
  path: Assets/tileMap/sheet_180.asset
  artifactKey: Guid(c0d79a311af72ba42b59bac5fc6cf3ea) Importer(815301076,1909f56bfc062723c751e8b465ee728b)
Number of updated assets reloaded before import = 0
Start importing Assets/tileMap/sheet_180.asset using Guid(c0d79a311af72ba42b59bac5fc6cf3ea) Importer(815301076,1909f56bfc062723c751e8b465ee728b)  -> (artifact id: '61a512d370b846800ef2665e061b6eeb') in 0.019960 seconds 
Number of asset objects unloaded after import = 3
========================================================================
Received Import Request.
  Time since last request: 0.000026 seconds.
  path: Assets/tileMap/sheet_178.asset
  artifactKey: Guid(0e472c5899295a6458f2620286187877) Importer(815301076,1909f56bfc062723c751e8b465ee728b)
Number of updated assets reloaded before import = 0
Start importing Assets/tileMap/sheet_178.asset using Guid(0e472c5899295a6458f2620286187877) Importer(815301076,1909f56bfc062723c751e8b465ee728b)  -> (artifact id: '990874034ae9534a3de04f1c8b40834b') in 0.021098 seconds 
Number of asset objects unloaded after import = 3
========================================================================
Received Import Request.
  Time since last request: 0.000024 seconds.
  path: Assets/tileMap/sheet_169.asset
  artifactKey: Guid(31dc3b9396d78184c9903e1e75e13c06) Importer(815301076,1909f56bfc062723c751e8b465ee728b)
Number of updated assets reloaded before import = 0
Start importing Assets/tileMap/sheet_169.asset using Guid(31dc3b9396d78184c9903e1e75e13c06) Importer(815301076,1909f56bfc062723c751e8b465ee728b)  -> (artifact id: '9bdb73a03e329f8ab7ebc125663d8e69') in 0.011212 seconds 
Number of asset objects unloaded after import = 3
========================================================================
Received Import Request.
  Time since last request: 0.000020 seconds.
  path: Assets/tileMap/sheet_183.asset
  artifactKey: Guid(da84e6bc61aa76d40a91e80373985a6b) Importer(815301076,1909f56bfc062723c751e8b465ee728b)
Number of updated assets reloaded before import = 0
Start importing Assets/tileMap/sheet_183.asset using Guid(da84e6bc61aa76d40a91e80373985a6b) Importer(815301076,1909f56bfc062723c751e8b465ee728b)  -> (artifact id: 'ac0b8db29c0e512c936e77ba6c800346') in 0.012131 seconds 
Number of asset objects unloaded after import = 3
========================================================================
Received Import Request.
  Time since last request: 0.000027 seconds.
  path: Assets/tileMap/sheet_167.asset
  artifactKey: Guid(3497ee7ee3f12d848b5a7efc48bb2088) Importer(815301076,1909f56bfc062723c751e8b465ee728b)
Number of updated assets reloaded before import = 0
Start importing Assets/tileMap/sheet_167.asset using Guid(3497ee7ee3f12d848b5a7efc48bb2088) Importer(815301076,1909f56bfc062723c751e8b465ee728b)  -> (artifact id: '0559c3a317df2b5cf17b2d7d9fadd1d3') in 0.015273 seconds 
Number of asset objects unloaded after import = 3
========================================================================
Received Import Request.
  Time since last request: 0.000026 seconds.
  path: Assets/tileMap/sheet_164.asset
  artifactKey: Guid(049954bd1f2cd1645ab7639d7f701fb6) Importer(815301076,1909f56bfc062723c751e8b465ee728b)
Number of updated assets reloaded before import = 0
Start importing Assets/tileMap/sheet_164.asset using Guid(049954bd1f2cd1645ab7639d7f701fb6) Importer(815301076,1909f56bfc062723c751e8b465ee728b)  -> (artifact id: 'e1062c281ca90ebf968e9a9cd4d20b44') in 0.019502 seconds 
Number of asset objects unloaded after import = 3
========================================================================
Received Import Request.
  Time since last request: 0.000022 seconds.
  path: Assets/tileMap/sheet_181.asset
  artifactKey: Guid(264266716e942cf429fb42c6967f23fe) Importer(815301076,1909f56bfc062723c751e8b465ee728b)
Number of updated assets reloaded before import = 0
Start importing Assets/tileMap/sheet_181.asset using Guid(264266716e942cf429fb42c6967f23fe) Importer(815301076,1909f56bfc062723c751e8b465ee728b)  -> (artifact id: 'e3edec10b8c0fde1f948556f25ec8554') in 0.015337 seconds 
Number of asset objects unloaded after import = 3
========================================================================
Received Import Request.
  Time since last request: 0.000027 seconds.
  path: Assets/tileMap/sheet_166.asset
  artifactKey: Guid(dabb70519b6c3f941a85db9afa746872) Importer(815301076,1909f56bfc062723c751e8b465ee728b)
Number of updated assets reloaded before import = 0
Start importing Assets/tileMap/sheet_166.asset using Guid(dabb70519b6c3f941a85db9afa746872) Importer(815301076,1909f56bfc062723c751e8b465ee728b)  -> (artifact id: '46ac22e773a197383ca1d9e8600afa0d') in 0.025605 seconds 
Number of asset objects unloaded after import = 3
========================================================================
Received Import Request.
  Time since last request: 0.000022 seconds.
  path: Assets/tileMap/sheet_192.asset
  artifactKey: Guid(3bbab1e806e6e514c9fe6f4118cf97a9) Importer(815301076,1909f56bfc062723c751e8b465ee728b)
Number of updated assets reloaded before import = 0
Start importing Assets/tileMap/sheet_192.asset using Guid(3bbab1e806e6e514c9fe6f4118cf97a9) Importer(815301076,1909f56bfc062723c751e8b465ee728b)  -> (artifact id: 'b3b5a8bb5cb7eea6392c2b0b74f94383') in 0.019746 seconds 
Number of asset objects unloaded after import = 3
========================================================================
Received Import Request.
  Time since last request: 0.000023 seconds.
  path: Assets/tileMap/sheet_172.asset
  artifactKey: Guid(72f8b9f18613660448c65b682ee45cc1) Importer(815301076,1909f56bfc062723c751e8b465ee728b)
Number of updated assets reloaded before import = 0
Start importing Assets/tileMap/sheet_172.asset using Guid(72f8b9f18613660448c65b682ee45cc1) Importer(815301076,1909f56bfc062723c751e8b465ee728b)  -> (artifact id: 'f2dcfb11d76404bf18df66a519228440') in 0.013711 seconds 
Number of asset objects unloaded after import = 3
========================================================================
Received Import Request.
  Time since last request: 0.000025 seconds.
  path: Assets/tileMap/sheet_187.asset
  artifactKey: Guid(47f8d21c8aad1454aa2fcf6b64b96e85) Importer(815301076,1909f56bfc062723c751e8b465ee728b)
Number of updated assets reloaded before import = 0
Start importing Assets/tileMap/sheet_187.asset using Guid(47f8d21c8aad1454aa2fcf6b64b96e85) Importer(815301076,1909f56bfc062723c751e8b465ee728b)  -> (artifact id: '8dd0c5ff27d26d06ba09079a74295f83') in 0.025510 seconds 
Number of asset objects unloaded after import = 3
========================================================================
Received Import Request.
  Time since last request: 0.000044 seconds.
  path: Assets/tileMap/sheet_171.asset
  artifactKey: Guid(e402c726b185e2248bfa2a7aec1d2a2a) Importer(815301076,1909f56bfc062723c751e8b465ee728b)
Number of updated assets reloaded before import = 0
Start importing Assets/tileMap/sheet_171.asset using Guid(e402c726b185e2248bfa2a7aec1d2a2a) Importer(815301076,1909f56bfc062723c751e8b465ee728b)  -> (artifact id: 'f9b324d85dca970dec4fb8f0c86f6254') in 0.012057 seconds 
Number of asset objects unloaded after import = 3
========================================================================
Received Import Request.
  Time since last request: 0.000036 seconds.
  path: Assets/tileMap/sheet_189.asset
  artifactKey: Guid(361dcbe60efacde49b165d9eb77d5158) Importer(815301076,1909f56bfc062723c751e8b465ee728b)
Number of updated assets reloaded before import = 0
Start importing Assets/tileMap/sheet_189.asset using Guid(361dcbe60efacde49b165d9eb77d5158) Importer(815301076,1909f56bfc062723c751e8b465ee728b)  -> (artifact id: '60c3c279212542120a13640c698c669e') in 0.020184 seconds 
Number of asset objects unloaded after import = 3
========================================================================
Received Import Request.
  Time since last request: 0.193424 seconds.
  path: Assets/tileMap/sheet_193.asset
  artifactKey: Guid(9a80e68bf7df22c47b1c06cb0288b3cc) Importer(815301076,1909f56bfc062723c751e8b465ee728b)
Number of updated assets reloaded before import = 0
Start importing Assets/tileMap/sheet_193.asset using Guid(9a80e68bf7df22c47b1c06cb0288b3cc) Importer(815301076,1909f56bfc062723c751e8b465ee728b)  -> (artifact id: '2ac0264cce6ac062be6fdce4292bdd77') in 0.014419 seconds 
Number of asset objects unloaded after import = 3
========================================================================
Received Import Request.
  Time since last request: 0.000024 seconds.
  path: Assets/tileMap/sheet_195.asset
  artifactKey: Guid(ab63113c77b745a49b9a805f79e430ab) Importer(815301076,1909f56bfc062723c751e8b465ee728b)
Number of updated assets reloaded before import = 0
Start importing Assets/tileMap/sheet_195.asset using Guid(ab63113c77b745a49b9a805f79e430ab) Importer(815301076,1909f56bfc062723c751e8b465ee728b)  -> (artifact id: '8dff72e804e2f7c44c11073227c28cd4') in 0.013512 seconds 
Number of asset objects unloaded after import = 3
========================================================================
Received Import Request.
  Time since last request: 0.000025 seconds.
  path: Assets/tileMap/sheet_199.asset
  artifactKey: Guid(edfe6a5bacb1e664eb2bb486364681eb) Importer(815301076,1909f56bfc062723c751e8b465ee728b)
Number of updated assets reloaded before import = 0
Start importing Assets/tileMap/sheet_199.asset using Guid(edfe6a5bacb1e664eb2bb486364681eb) Importer(815301076,1909f56bfc062723c751e8b465ee728b)  -> (artifact id: 'dd9347dd08b3bc736aa7031ac0c3bdcc') in 0.018254 seconds 
Number of asset objects unloaded after import = 3
========================================================================
Received Import Request.
  Time since last request: 0.000024 seconds.
  path: Assets/tileMap/sheet_200.asset
  artifactKey: Guid(19e8d540289825542b3dc1d2a1d037b4) Importer(815301076,1909f56bfc062723c751e8b465ee728b)
Number of updated assets reloaded before import = 0
Start importing Assets/tileMap/sheet_200.asset using Guid(19e8d540289825542b3dc1d2a1d037b4) Importer(815301076,1909f56bfc062723c751e8b465ee728b)  -> (artifact id: '24301c4955b18064d5ffbe46ffdc2ed9') in 0.020299 seconds 
Number of asset objects unloaded after import = 3
========================================================================
Received Import Request.
  Time since last request: 0.000021 seconds.
  path: Assets/tileMap/sheet_222.asset
  artifactKey: Guid(727e4aaa7a4fb57409cbecd05d85a08a) Importer(815301076,1909f56bfc062723c751e8b465ee728b)
Number of updated assets reloaded before import = 0
Start importing Assets/tileMap/sheet_222.asset using Guid(727e4aaa7a4fb57409cbecd05d85a08a) Importer(815301076,1909f56bfc062723c751e8b465ee728b)  -> (artifact id: '95286e6b8dab37fc1820da7a365674e1') in 0.021351 seconds 
Number of asset objects unloaded after import = 3
========================================================================
Received Import Request.
  Time since last request: 0.000027 seconds.
  path: Assets/tileMap/sheet_209.asset
  artifactKey: Guid(f2c7526a4400e844db173fedd2806c6e) Importer(815301076,1909f56bfc062723c751e8b465ee728b)
Number of updated assets reloaded before import = 0
Start importing Assets/tileMap/sheet_209.asset using Guid(f2c7526a4400e844db173fedd2806c6e) Importer(815301076,1909f56bfc062723c751e8b465ee728b)  -> (artifact id: '3cba37dfcb682eca9884747019ff6131') in 0.017941 seconds 
Number of asset objects unloaded after import = 3
========================================================================
Received Import Request.
  Time since last request: 0.000019 seconds.
  path: Assets/tileMap/sheet_223.asset
  artifactKey: Guid(465a9612c20590148a286603bf9c7f80) Importer(815301076,1909f56bfc062723c751e8b465ee728b)
Number of updated assets reloaded before import = 0
Start importing Assets/tileMap/sheet_223.asset using Guid(465a9612c20590148a286603bf9c7f80) Importer(815301076,1909f56bfc062723c751e8b465ee728b)  -> (artifact id: '51a774713f3ec5f17082a4a7fc6b3acb') in 0.019096 seconds 
Number of asset objects unloaded after import = 3
========================================================================
Received Import Request.
  Time since last request: 0.000020 seconds.
  path: Assets/tileMap/sheet_208.asset
  artifactKey: Guid(73026badbda2e1c44ac6f21cac013bd6) Importer(815301076,1909f56bfc062723c751e8b465ee728b)
Number of updated assets reloaded before import = 0
Start importing Assets/tileMap/sheet_208.asset using Guid(73026badbda2e1c44ac6f21cac013bd6) Importer(815301076,1909f56bfc062723c751e8b465ee728b)  -> (artifact id: 'f5dc83a25cfef799a19a808f6586af66') in 0.020417 seconds 
Number of asset objects unloaded after import = 3
========================================================================
Received Import Request.
  Time since last request: 0.000029 seconds.
  path: Assets/tileMap/sheet_227.asset
  artifactKey: Guid(92a8e84e8a23f4e48850a31f580e6c11) Importer(815301076,1909f56bfc062723c751e8b465ee728b)
Number of updated assets reloaded before import = 0
Start importing Assets/tileMap/sheet_227.asset using Guid(92a8e84e8a23f4e48850a31f580e6c11) Importer(815301076,1909f56bfc062723c751e8b465ee728b)  -> (artifact id: '66a85b5da7a24ecdbcea3d3d708f23eb') in 0.019127 seconds 
Number of asset objects unloaded after import = 3
========================================================================
Received Import Request.
  Time since last request: 0.000018 seconds.
  path: Assets/tileMap/sheet_236.asset
  artifactKey: Guid(905c0ee9a21f6e442b7a91a854cbe32e) Importer(815301076,1909f56bfc062723c751e8b465ee728b)
Number of updated assets reloaded before import = 0
Start importing Assets/tileMap/sheet_236.asset using Guid(905c0ee9a21f6e442b7a91a854cbe32e) Importer(815301076,1909f56bfc062723c751e8b465ee728b)  -> (artifact id: 'cf415fbe11ff6cff4da96cd48feb3f86') in 0.021793 seconds 
Number of asset objects unloaded after import = 3
========================================================================
Received Import Request.
  Time since last request: 0.000029 seconds.
  path: Assets/tileMap/sheet_240.asset
  artifactKey: Guid(fad04be76a7b4e24da58989f7ec29f0d) Importer(815301076,1909f56bfc062723c751e8b465ee728b)
Number of updated assets reloaded before import = 0
Start importing Assets/tileMap/sheet_240.asset using Guid(fad04be76a7b4e24da58989f7ec29f0d) Importer(815301076,1909f56bfc062723c751e8b465ee728b)  -> (artifact id: 'ca554a57fe9e5c62f47143c9d4a7e95e') in 0.030819 seconds 
Number of asset objects unloaded after import = 3
========================================================================
Received Import Request.
  Time since last request: 0.000032 seconds.
  path: Assets/tileMap/sheet_235.asset
  artifactKey: Guid(582dcd35325c4af4ab78008e26d7f0d6) Importer(815301076,1909f56bfc062723c751e8b465ee728b)
Number of updated assets reloaded before import = 0
Start importing Assets/tileMap/sheet_235.asset using Guid(582dcd35325c4af4ab78008e26d7f0d6) Importer(815301076,1909f56bfc062723c751e8b465ee728b)  -> (artifact id: '70f20f562373c046fac81d9ac8104fc0') in 0.018986 seconds 
Number of asset objects unloaded after import = 3
========================================================================
Received Import Request.
  Time since last request: 0.000018 seconds.
  path: Assets/tileMap/sheet_237.asset
  artifactKey: Guid(c5673dbdd142f3844b0ce87641d0bcf9) Importer(815301076,1909f56bfc062723c751e8b465ee728b)
Number of updated assets reloaded before import = 0
Start importing Assets/tileMap/sheet_237.asset using Guid(c5673dbdd142f3844b0ce87641d0bcf9) Importer(815301076,1909f56bfc062723c751e8b465ee728b)  -> (artifact id: 'f00f52513d1e19530dd249eb9f7f3378') in 0.021610 seconds 
Number of asset objects unloaded after import = 3
========================================================================
Received Import Request.
  Time since last request: 0.000022 seconds.
  path: Assets/tileMap/sheet_233.asset
  artifactKey: Guid(fcd8ad2e6bc1a5445b36cbd4ffa6e700) Importer(815301076,1909f56bfc062723c751e8b465ee728b)
Number of updated assets reloaded before import = 0
Start importing Assets/tileMap/sheet_233.asset using Guid(fcd8ad2e6bc1a5445b36cbd4ffa6e700) Importer(815301076,1909f56bfc062723c751e8b465ee728b)  -> (artifact id: '2cc94efd773b2f3a03c9b50a5adb1573') in 0.020928 seconds 
Number of asset objects unloaded after import = 3
========================================================================
Received Import Request.
  Time since last request: 0.000044 seconds.
  path: Assets/tileMap/sheet_197.asset
  artifactKey: Guid(24db816deaf2cac43b1b2ad5852ef018) Importer(815301076,1909f56bfc062723c751e8b465ee728b)
Number of updated assets reloaded before import = 0
Start importing Assets/tileMap/sheet_197.asset using Guid(24db816deaf2cac43b1b2ad5852ef018) Importer(815301076,1909f56bfc062723c751e8b465ee728b)  -> (artifact id: '7d638cf175315e194c51388cbe19fe23') in 0.018292 seconds 
Number of asset objects unloaded after import = 3
========================================================================
Received Import Request.
  Time since last request: 0.000026 seconds.
  path: Assets/tileMap/sheet_206.asset
  artifactKey: Guid(f739a4ec930f0eb42a86eb0570baf17f) Importer(815301076,1909f56bfc062723c751e8b465ee728b)
Number of updated assets reloaded before import = 0
Start importing Assets/tileMap/sheet_206.asset using Guid(f739a4ec930f0eb42a86eb0570baf17f) Importer(815301076,1909f56bfc062723c751e8b465ee728b)  -> (artifact id: '87711c0c18feb02a007dd30f5a08a71a') in 0.012611 seconds 
Number of asset objects unloaded after import = 3
========================================================================
Received Import Request.
  Time since last request: 0.000029 seconds.
  path: Assets/tileMap/sheet_203.asset
  artifactKey: Guid(6d70f504271820b4fa607c47a7c3a5e7) Importer(815301076,1909f56bfc062723c751e8b465ee728b)
Number of updated assets reloaded before import = 0
Start importing Assets/tileMap/sheet_203.asset using Guid(6d70f504271820b4fa607c47a7c3a5e7) Importer(815301076,1909f56bfc062723c751e8b465ee728b)  -> (artifact id: 'cf1baad7a3578ac6b71f15e6aa2246cc') in 0.055058 seconds 
Number of asset objects unloaded after import = 3
========================================================================
Received Import Request.
  Time since last request: 0.000020 seconds.
  path: Assets/tileMap/sheet_220.asset
  artifactKey: Guid(4ea7b97cb41e0b748bb9334fcae4d754) Importer(815301076,1909f56bfc062723c751e8b465ee728b)
Number of updated assets reloaded before import = 0
Start importing Assets/tileMap/sheet_220.asset using Guid(4ea7b97cb41e0b748bb9334fcae4d754) Importer(815301076,1909f56bfc062723c751e8b465ee728b)  -> (artifact id: '9085bd56832de77189683e3a0bd58249') in 0.015018 seconds 
Number of asset objects unloaded after import = 3
========================================================================
Received Import Request.
  Time since last request: 0.000024 seconds.
  path: Assets/tileMap/sheet_205.asset
  artifactKey: Guid(d7d858d7457d91a48aa852da758db3fe) Importer(815301076,1909f56bfc062723c751e8b465ee728b)
Number of updated assets reloaded before import = 0
Start importing Assets/tileMap/sheet_205.asset using Guid(d7d858d7457d91a48aa852da758db3fe) Importer(815301076,1909f56bfc062723c751e8b465ee728b)  -> (artifact id: '5d8d8d41127bf4477936ef02ad27277d') in 0.021334 seconds 
Number of asset objects unloaded after import = 3
========================================================================
Received Import Request.
  Time since last request: 0.000031 seconds.
  path: Assets/tileMap/sheet_215.asset
  artifactKey: Guid(8af37ae588564fc4986b78baabef5c41) Importer(815301076,1909f56bfc062723c751e8b465ee728b)
Number of updated assets reloaded before import = 0
Start importing Assets/tileMap/sheet_215.asset using Guid(8af37ae588564fc4986b78baabef5c41) Importer(815301076,1909f56bfc062723c751e8b465ee728b)  -> (artifact id: '64632b4feb8b12c59e771d726d9a7616') in 0.014259 seconds 
Number of asset objects unloaded after import = 3
========================================================================
Received Import Request.
  Time since last request: 0.000036 seconds.
  path: Assets/tileMap/sheet_213.asset
  artifactKey: Guid(ba630988f31bf094199c1af84e50a678) Importer(815301076,1909f56bfc062723c751e8b465ee728b)
Number of updated assets reloaded before import = 0
Start importing Assets/tileMap/sheet_213.asset using Guid(ba630988f31bf094199c1af84e50a678) Importer(815301076,1909f56bfc062723c751e8b465ee728b)  -> (artifact id: 'aa312b95d2aeb6bb0783d724c24bd940') in 0.021639 seconds 
Number of asset objects unloaded after import = 3
========================================================================
Received Import Request.
  Time since last request: 0.000034 seconds.
  path: Assets/tileMap/sheet_230.asset
  artifactKey: Guid(9b0194653c6c9494f9c31ccf39c9b679) Importer(815301076,1909f56bfc062723c751e8b465ee728b)
Number of updated assets reloaded before import = 0
Start importing Assets/tileMap/sheet_230.asset using Guid(9b0194653c6c9494f9c31ccf39c9b679) Importer(815301076,1909f56bfc062723c751e8b465ee728b)  -> (artifact id: '01ed86bcb0688392ccc29f2eb8d332b1') in 0.014791 seconds 
Number of asset objects unloaded after import = 3
========================================================================
Received Import Request.
  Time since last request: 0.000026 seconds.
  path: Assets/tileMap/sheet_229.asset
  artifactKey: Guid(d9e4d35f429ac0f4b85c7ab5a7383110) Importer(815301076,1909f56bfc062723c751e8b465ee728b)
Number of updated assets reloaded before import = 0
Start importing Assets/tileMap/sheet_229.asset using Guid(d9e4d35f429ac0f4b85c7ab5a7383110) Importer(815301076,1909f56bfc062723c751e8b465ee728b)  -> (artifact id: '5adf8e3f527c99e4ca6593645c57cb4b') in 0.020335 seconds 
Number of asset objects unloaded after import = 3
========================================================================
Received Import Request.
  Time since last request: 0.000047 seconds.
  path: Assets/tileMap/sheet_217.asset
  artifactKey: Guid(1b15fbc2f40c0c94ca9bab61eb23b60f) Importer(815301076,1909f56bfc062723c751e8b465ee728b)
Number of updated assets reloaded before import = 0
Start importing Assets/tileMap/sheet_217.asset using Guid(1b15fbc2f40c0c94ca9bab61eb23b60f) Importer(815301076,1909f56bfc062723c751e8b465ee728b)  -> (artifact id: 'f2a569097e7a359a6611ba38597c4448') in 0.011584 seconds 
Number of asset objects unloaded after import = 3
========================================================================
Received Import Request.
  Time since last request: 33.702569 seconds.
  path: Assets/tileMap/sheet_242.asset
  artifactKey: Guid(7a80c38b484d4074a83cf1a94580908a) Importer(815301076,1909f56bfc062723c751e8b465ee728b)
Number of updated assets reloaded before import = 0
Start importing Assets/tileMap/sheet_242.asset using Guid(7a80c38b484d4074a83cf1a94580908a) Importer(815301076,1909f56bfc062723c751e8b465ee728b)  -> (artifact id: '41bb8b3f065ae1a37a69ba1f2824d813') in 0.013319 seconds 
Number of asset objects unloaded after import = 3
========================================================================
Received Import Request.
  Time since last request: 0.000022 seconds.
  path: Assets/tileMap/sheet_251.asset
  artifactKey: Guid(b62efc19f8bcbda4689341a190525c90) Importer(815301076,1909f56bfc062723c751e8b465ee728b)
Number of updated assets reloaded before import = 0
Start importing Assets/tileMap/sheet_251.asset using Guid(b62efc19f8bcbda4689341a190525c90) Importer(815301076,1909f56bfc062723c751e8b465ee728b)  -> (artifact id: '3b73f84ae145976119cfbd84c7ced5d3') in 0.011605 seconds 
Number of asset objects unloaded after import = 3
========================================================================
Received Import Request.
  Time since last request: 0.000023 seconds.
  path: Assets/tileMap/sheet_244.asset
  artifactKey: Guid(00deb05619c78b343a92d8466865444f) Importer(815301076,1909f56bfc062723c751e8b465ee728b)
Number of updated assets reloaded before import = 0
Start importing Assets/tileMap/sheet_244.asset using Guid(00deb05619c78b343a92d8466865444f) Importer(815301076,1909f56bfc062723c751e8b465ee728b)  -> (artifact id: 'd8a4425e447827cbaa49a37f3bf6f629') in 0.015001 seconds 
Number of asset objects unloaded after import = 3
========================================================================
Received Import Request.
  Time since last request: 0.000022 seconds.
  path: Assets/tileMap/sheet_249.asset
  artifactKey: Guid(15b26b2fcf2e2f546a026f68d88c8458) Importer(815301076,1909f56bfc062723c751e8b465ee728b)
Number of updated assets reloaded before import = 0
Start importing Assets/tileMap/sheet_249.asset using Guid(15b26b2fcf2e2f546a026f68d88c8458) Importer(815301076,1909f56bfc062723c751e8b465ee728b)  -> (artifact id: '89ba65ff3b3bafd2e2819b544a6d8655') in 0.012826 seconds 
Number of asset objects unloaded after import = 3
========================================================================
Received Import Request.
  Time since last request: 0.000026 seconds.
  path: Assets/tileMap/sheet_261.asset
  artifactKey: Guid(168c70c1a54727749b5f5de3b5115603) Importer(815301076,1909f56bfc062723c751e8b465ee728b)
Number of updated assets reloaded before import = 0
Start importing Assets/tileMap/sheet_261.asset using Guid(168c70c1a54727749b5f5de3b5115603) Importer(815301076,1909f56bfc062723c751e8b465ee728b)  -> (artifact id: '423731941d9f106ef17d7259d2179f8d') in 0.014023 seconds 
Number of asset objects unloaded after import = 3
========================================================================
Received Import Request.
  Time since last request: 0.000027 seconds.
  path: Assets/tileMap/sheet_247.asset
  artifactKey: Guid(c17185feca07ae94c84bee54664ef245) Importer(815301076,1909f56bfc062723c751e8b465ee728b)
Number of updated assets reloaded before import = 0
Start importing Assets/tileMap/sheet_247.asset using Guid(c17185feca07ae94c84bee54664ef245) Importer(815301076,1909f56bfc062723c751e8b465ee728b)  -> (artifact id: 'b999bc21563849d0ec09e1121c244570') in 0.013151 seconds 
Number of asset objects unloaded after import = 3
========================================================================
Received Import Request.
  Time since last request: 0.000031 seconds.
  path: Assets/tileMap/sheet_269.asset
  artifactKey: Guid(d66153d0e112b5b4da02bbf88aaa3c17) Importer(815301076,1909f56bfc062723c751e8b465ee728b)
Number of updated assets reloaded before import = 0
Start importing Assets/tileMap/sheet_269.asset using Guid(d66153d0e112b5b4da02bbf88aaa3c17) Importer(815301076,1909f56bfc062723c751e8b465ee728b)  -> (artifact id: '573d04849f0cafc199cc0e077416be31') in 0.013767 seconds 
Number of asset objects unloaded after import = 3
========================================================================
Received Import Request.
  Time since last request: 0.000027 seconds.
  path: Assets/tileMap/sheet_252.asset
  artifactKey: Guid(0a9b8e683a60ddf43a5b460b57a88ec4) Importer(815301076,1909f56bfc062723c751e8b465ee728b)
Number of updated assets reloaded before import = 0
Start importing Assets/tileMap/sheet_252.asset using Guid(0a9b8e683a60ddf43a5b460b57a88ec4) Importer(815301076,1909f56bfc062723c751e8b465ee728b)  -> (artifact id: '8afb661de2c4c302ad96e32e4552d05d') in 0.015387 seconds 
Number of asset objects unloaded after import = 3
========================================================================
Received Import Request.
  Time since last request: 0.000031 seconds.
  path: Assets/tileMap/sheet_262.asset
  artifactKey: Guid(21c255955264fdd4da7ea2d8e23a4650) Importer(815301076,1909f56bfc062723c751e8b465ee728b)
Number of updated assets reloaded before import = 0
Start importing Assets/tileMap/sheet_262.asset using Guid(21c255955264fdd4da7ea2d8e23a4650) Importer(815301076,1909f56bfc062723c751e8b465ee728b)  -> (artifact id: '338450baddfdb7a5c2f89c659de2a731') in 0.018724 seconds 
Number of asset objects unloaded after import = 3
========================================================================
Received Import Request.
  Time since last request: 0.000027 seconds.
  path: Assets/tileMap/sheet_255.asset
  artifactKey: Guid(037fedb8703f891479cdac00c6c59861) Importer(815301076,1909f56bfc062723c751e8b465ee728b)
Number of updated assets reloaded before import = 0
Start importing Assets/tileMap/sheet_255.asset using Guid(037fedb8703f891479cdac00c6c59861) Importer(815301076,1909f56bfc062723c751e8b465ee728b)  -> (artifact id: '61c234a0e5efe72b04c4d0b005ddf986') in 0.015525 seconds 
Number of asset objects unloaded after import = 3
========================================================================
Received Import Request.
  Time since last request: 0.000037 seconds.
  path: Assets/tileMap/sheet_256.asset
  artifactKey: Guid(1e9bb692b18752842812872821c775b6) Importer(815301076,1909f56bfc062723c751e8b465ee728b)
Number of updated assets reloaded before import = 0
Start importing Assets/tileMap/sheet_256.asset using Guid(1e9bb692b18752842812872821c775b6) Importer(815301076,1909f56bfc062723c751e8b465ee728b)  -> (artifact id: 'fe808b02cb910cd589227d0cf35a9662') in 0.015071 seconds 
Number of asset objects unloaded after import = 3
========================================================================
Received Prepare
Registering precompiled user dll's ...
Registered in 0.007698 seconds.
Begin MonoManager ReloadAssembly
Native extension for WindowsStandalone target not found
Refreshing native plugins compatible for Editor in 1.40 ms, found 4 plugins.
Preloading 0 native plugins for Editor in 0.00 ms.
[Package Manager] Server::EnsureServerProcessIsRunning -- launch failed, reason: Unity was launched with the -noUpm command-line argument
[Package Manager] Cannot connect to Unity Package Manager local server
Mono: successfully reloaded assembly
- Completed reload, in  1.550 seconds
Domain Reload Profiling:
	ReloadAssembly (1551ms)
		BeginReloadAssembly (177ms)
			ExecutionOrderSort (0ms)
			DisableScriptedObjects (7ms)
			BackupInstance (0ms)
			ReleaseScriptingObjects (0ms)
			CreateAndSetChildDomain (42ms)
		EndReloadAssembly (1259ms)
			LoadAssemblies (130ms)
			RebuildTransferFunctionScriptingTraits (0ms)
			SetupTypeCache (259ms)
			ReleaseScriptCaches (2ms)
			RebuildScriptCaches (54ms)
			SetupLoadedEditorAssemblies (813ms)
				LogAssemblyErrors (0ms)
				InitializePlatformSupportModulesInManaged (6ms)
				SetLoadedEditorAssemblies (1ms)
				RefreshPlugins (1ms)
				BeforeProcessingInitializeOnLoad (89ms)
				ProcessInitializeOnLoadAttributes (668ms)
				ProcessInitializeOnLoadMethodAttributes (40ms)
				AfterProcessingInitializeOnLoad (8ms)
				EditorAssembliesLoaded (0ms)
			ExecutionOrderSort2 (0ms)
			AwakeInstancesAfterBackupRestoration (9ms)
Platform modules already initialized, skipping
Refreshing native plugins compatible for Editor in 1.34 ms, found 4 plugins.
Preloading 0 native plugins for Editor in 0.00 ms.
Unloading 4036 Unused Serialized files (Serialized files now loaded: 0)
Unloading 26 unused Assets / (92.6 KB). Loaded Objects now: 4539.
Memory consumption went from 155.4 MB to 155.3 MB.
Total: 3.505800 ms (FindLiveObjects: 0.430000 ms CreateObjectMapping: 0.095600 ms MarkObjects: 2.929500 ms  DeleteObjects: 0.049500 ms)

AssetImportParameters requested are different than current active one (requested -> active):
  custom:video-decoder-ogg-theora: a1e56fd34408186e4bbccfd4996cb3dc -> 
  custom:container-muxer-webm: aa71ff27fc2769a1b78a27578f13a17b -> 
  custom:container-demuxer-webm: 4f35f7cbe854078d1ac9338744f61a02 -> 
  custom:video-encoder-webm-vp8: eb34c28f22e8b96e1ab97ce403110664 -> 
  custom:CustomObjectIndexerAttribute: bc11b3a6c3213fcdd17b65e7da85e133 -> 
  custom:audio-encoder-webm-vorbis: bf7c407c2cedff20999df2af8eb42d56 -> 
  custom:framework-win-MediaFoundation: 216162199b28c13a410421893ffa2e32 -> 
  custom:SearchIndexIgnoredProperties: e643bd26f0fe6173181afceb89e7c659 -> 
  custom:container-demuxer-ogg: 62fdf1f143b41e24485cea50d1cbac27 -> 
  custom:video-decoder-webm-vp8: 9c59270c3fd7afecdb556c50c9e8de78 -> 
  custom:audio-decoder-ogg-vorbis: bf7c407c2cedff20999df2af8eb42d56 -> 
